2024-10-07T06:48:33.164-05:00  INFO 16120 --- [Client] [main] com.prueba.Client.ApiTest                : Starting ApiTest using Java 22.0.2 with PID 16120 (started by jhona in D:\Code\Client\Client)
2024-10-07T06:48:33.180-05:00  INFO 16120 --- [Client] [main] com.prueba.Client.ApiTest                : No active profile set, falling back to 1 default profile: "default"
2024-10-07T06:48:37.537-05:00  INFO 16120 --- [Client] [main] o.s.b.t.m.w.SpringBootMockServletContext : Initializing Spring TestDispatcherServlet ''
2024-10-07T06:48:37.537-05:00  INFO 16120 --- [Client] [main] o.s.t.web.servlet.TestDispatcherServlet  : Initializing Servlet ''
2024-10-07T06:48:37.537-05:00  INFO 16120 --- [Client] [main] o.s.t.web.servlet.TestDispatcherServlet  : Completed initialization in 0 ms
2024-10-07T06:48:37.584-05:00  INFO 16120 --- [Client] [main] com.prueba.Client.ApiTest                : Started ApiTest in 5.094 seconds (process running for 6.907)
2024-10-07T06:48:37.726-05:00 ERROR 16120 --- [Client] [main] c.p.C.i.rest.ClientController            : Tipo de documento vacio
2024-10-07T06:49:04.692-05:00  INFO 24688 --- [Client] [main] com.prueba.Client.ApiTest                : Starting ApiTest using Java 22.0.2 with PID 24688 (started by jhona in D:\Code\Client\Client)
2024-10-07T06:49:04.692-05:00  INFO 24688 --- [Client] [main] com.prueba.Client.ApiTest                : No active profile set, falling back to 1 default profile: "default"
2024-10-07T06:49:08.521-05:00  INFO 24688 --- [Client] [main] o.s.b.t.m.w.SpringBootMockServletContext : Initializing Spring TestDispatcherServlet ''
2024-10-07T06:49:08.521-05:00  INFO 24688 --- [Client] [main] o.s.t.web.servlet.TestDispatcherServlet  : Initializing Servlet ''
2024-10-07T06:49:08.521-05:00  INFO 24688 --- [Client] [main] o.s.t.web.servlet.TestDispatcherServlet  : Completed initialization in 0 ms
2024-10-07T06:49:08.553-05:00  INFO 24688 --- [Client] [main] com.prueba.Client.ApiTest                : Started ApiTest in 4.534 seconds (process running for 6.086)
2024-10-07T06:49:08.694-05:00  INFO 24688 --- [Client] [main] c.p.C.i.rest.ClientController            : Ejecutando desde class com.prueba.Client.infraestructure.rest.ClientController con info : Tipo de documento:Cnumero de documento: 23445322
2024-10-07T07:43:43.716-05:00  INFO 16388 --- [Client] [main] com.prueba.Client.ClientApplication      : Starting ClientApplication using Java 22.0.2 with PID 16388 (D:\Code\Client\Client\target\classes started by jhona in D:\Code\Client\Client)
2024-10-07T07:43:43.720-05:00  INFO 16388 --- [Client] [main] com.prueba.Client.ClientApplication      : No active profile set, falling back to 1 default profile: "default"
2024-10-07T07:43:45.375-05:00  INFO 16388 --- [Client] [main] o.s.b.w.embedded.tomcat.TomcatWebServer  : Tomcat initialized with port 8090 (http)
2024-10-07T07:43:45.406-05:00  INFO 16388 --- [Client] [main] o.apache.catalina.core.StandardService   : Starting service [Tomcat]
2024-10-07T07:43:45.406-05:00  INFO 16388 --- [Client] [main] o.apache.catalina.core.StandardEngine    : Starting Servlet engine: [Apache Tomcat/10.1.30]
2024-10-07T07:43:45.501-05:00  INFO 16388 --- [Client] [main] o.a.c.c.C.[Tomcat].[localhost].[/]       : Initializing Spring embedded WebApplicationContext
2024-10-07T07:43:45.502-05:00  INFO 16388 --- [Client] [main] w.s.c.ServletWebServerApplicationContext : Root WebApplicationContext: initialization completed in 1704 ms
2024-10-07T07:43:46.232-05:00  INFO 16388 --- [Client] [main] o.s.b.w.embedded.tomcat.TomcatWebServer  : Tomcat started on port 8090 (http) with context path '/'
2024-10-07T07:43:46.248-05:00  INFO 16388 --- [Client] [main] com.prueba.Client.ClientApplication      : Started ClientApplication in 3.434 seconds (process running for 4.011)
2024-10-07T07:44:46.329-05:00  INFO 16388 --- [Client] [http-nio-8090-exec-2] o.a.c.c.C.[Tomcat].[localhost].[/]       : Initializing Spring DispatcherServlet 'dispatcherServlet'
2024-10-07T07:44:46.329-05:00  INFO 16388 --- [Client] [http-nio-8090-exec-2] o.s.web.servlet.DispatcherServlet        : Initializing Servlet 'dispatcherServlet'
2024-10-07T07:44:46.331-05:00  INFO 16388 --- [Client] [http-nio-8090-exec-2] o.s.web.servlet.DispatcherServlet        : Completed initialization in 1 ms
2024-10-07T07:44:46.401-05:00 ERROR 16388 --- [Client] [http-nio-8090-exec-2] c.p.C.i.rest.ClientController            : Tipo de documento vacio
2024-10-07T07:44:52.764-05:00  INFO 16388 --- [Client] [http-nio-8090-exec-4] c.p.C.i.rest.ClientController            : Ejecutando desde class com.prueba.Client.infraestructure.rest.ClientController con info : Tipo de documento:Cnumero de documento: 23445322
2024-10-07T07:44:52.765-05:00  INFO 16388 --- [Client] [http-nio-8090-exec-4] c.p.C.application.handler.ClientHandler  : Tipo de documento ok, se envia a consultar datos del cliente desde : class com.prueba.Client.application.handler.ClientHandler
2024-10-07T07:44:52.765-05:00  INFO 16388 --- [Client] [http-nio-8090-exec-4] c.p.Client.domain.useCase.ClientUseCase  : Llega a la capa de dominio y consulta en la capa de persistencia
2024-10-07T07:44:52.766-05:00  INFO 16388 --- [Client] [http-nio-8090-exec-4] c.p.C.i.out.adapter.ClientAdapter        : Consulta del cliente desde la clase class com.prueba.Client.infraestructure.out.adapter.ClientAdapter
